<?xml version="1.0" encoding="UTF-8"?>
<!-- Generated by org.testng.reporters.JUnitReportReporter -->
<testsuite hostname="DESKTOP-PQ7S2JC" failures="0" tests="2" name="appiumproject.testcases.Test01_GeneralStore" time="33.140" errors="0" timestamp="2023-03-15T19:19:05 IST" skipped="0">
  <testcase classname="appiumproject.testcases.Test01_GeneralStore" name="test" time="0.007"/>
  <system-out/>
  <testcase classname="appiumproject.testcases.Test01_GeneralStore" name="formSubmitTest01" time="33.133"/>
  <system-out/>
</testsuite> <!-- appiumproject.testcases.Test01_GeneralStore -->
