<?xml version="1.0" encoding="UTF-8"?>
<!-- Generated by org.testng.reporters.JUnitReportReporter -->
<testsuite hostname="DESKTOP-PQ7S2JC" failures="0" tests="2" name="appiumproject.testcases.Test04_DDTByJason" time="33.395" errors="0" timestamp="2023-05-08T19:23:33 IST" skipped="0">
  <testcase classname="appiumproject.testcases.Test04_DDTByJason" name="DDTByJasonFile04" time="18.370"/>
  <system-out/>
  <testcase classname="appiumproject.testcases.Test04_DDTByJason" name="DDTByJasonFile04" time="15.025"/>
  <system-out/>
</testsuite> <!-- appiumproject.testcases.Test04_DDTByJason -->
